  [1m[36m (15.6ms)[0m  [1mCREATE TABLE "schema_migrations" ("version" varchar NOT NULL) [0m
  [1m[35m (0.0ms)[0m  select sqlite_version(*)
  [1m[36m (0.0ms)[0m  [1mCREATE UNIQUE INDEX "unique_schema_migrations" ON "schema_migrations" ("version")[0m
  [1m[35mActiveRecord::SchemaMigration Load (0.0ms)[0m  SELECT "schema_migrations".* FROM "schema_migrations"
Migrating to CreateProjects (20180223130744)
  [1m[36m (0.0ms)[0m  [1mbegin transaction[0m
  [1m[35m (0.0ms)[0m  CREATE TABLE "projects" ("id" INTEGER PRIMARY KEY AUTOINCREMENT NOT NULL, "name" varchar, "description" varchar, "created_at" datetime NOT NULL, "updated_at" datetime NOT NULL) 
  [1m[36mSQL (0.0ms)[0m  [1mINSERT INTO "schema_migrations" ("version") VALUES (?)[0m  [["version", "20180223130744"]]
  [1m[35m (15.9ms)[0m  commit transaction
  [1m[36mActiveRecord::SchemaMigration Load (0.0ms)[0m  [1mSELECT "schema_migrations".* FROM "schema_migrations"[0m
  [1m[36mActiveRecord::SchemaMigration Load (0.0ms)[0m  [1mSELECT "schema_migrations".* FROM "schema_migrations"[0m
  [1m[35mActiveRecord::SchemaMigration Load (0.0ms)[0m  SELECT "schema_migrations".* FROM "schema_migrations"
  [1m[36mActiveRecord::SchemaMigration Load (0.0ms)[0m  [1mSELECT "schema_migrations".* FROM "schema_migrations"[0m
  [1m[35mActiveRecord::SchemaMigration Load (0.0ms)[0m  SELECT "schema_migrations".* FROM "schema_migrations"
  [1m[36mActiveRecord::SchemaMigration Load (0.0ms)[0m  [1mSELECT "schema_migrations".* FROM "schema_migrations"[0m
  [1m[35mActiveRecord::SchemaMigration Load (0.0ms)[0m  SELECT "schema_migrations".* FROM "schema_migrations"
  [1m[36mActiveRecord::SchemaMigration Load (0.0ms)[0m  [1mSELECT "schema_migrations".* FROM "schema_migrations"[0m
  [1m[36mActiveRecord::SchemaMigration Load (0.0ms)[0m  [1mSELECT "schema_migrations".* FROM "schema_migrations"[0m
  [1m[36mActiveRecord::SchemaMigration Load (0.0ms)[0m  [1mSELECT "schema_migrations".* FROM "schema_migrations"[0m
  [1m[36m (27.9ms)[0m  [1mCREATE TABLE "projects" ("id" INTEGER PRIMARY KEY AUTOINCREMENT NOT NULL, "name" varchar, "description" varchar, "created_at" datetime NOT NULL, "updated_at" datetime NOT NULL) [0m
  [1m[35m (38.1ms)[0m  CREATE TABLE "schema_migrations" ("version" varchar NOT NULL) 
  [1m[36m (0.0ms)[0m  [1mselect sqlite_version(*)[0m
  [1m[35m (47.2ms)[0m  CREATE UNIQUE INDEX "unique_schema_migrations" ON "schema_migrations" ("version")
  [1m[36m (0.0ms)[0m  [1mSELECT version FROM "schema_migrations"[0m
  [1m[35m (28.9ms)[0m  INSERT INTO "schema_migrations" (version) VALUES ('20180223130744')


Started GET "/projects/new" for ::1 at 2018-03-01 16:48:35 +0530
Processing by ProjectsController#new as HTML
  Rendered projects/new.html.erb within layouts/application (42.3ms)
Completed 200 OK in 699ms (Views: 638.7ms | ActiveRecord: 3.0ms)


Started GET "/assets/projects.self-e3b0c44298fc1c149afbf4c8996fb92427ae41e4649b934ca495991b7852b855.css?body=1" for ::1 at 2018-03-01 16:48:48 +0530


Started GET "/assets/jquery.self-bd7ddd393353a8d2480a622e80342adf488fb6006d667e8b42e4c0073393abee.js?body=1" for ::1 at 2018-03-01 16:48:48 +0530


Started GET "/assets/application.self-e80e8f2318043e8af94dddc2adad5a4f09739a8ebb323b3ab31cd71d45fd9113.css?body=1" for ::1 at 2018-03-01 16:48:48 +0530


Started GET "/assets/jquery_ujs.self-784a997f6726036b1993eb2217c9cb558e1cbb801c6da88105588c56f13b466a.js?body=1" for ::1 at 2018-03-01 16:48:48 +0530


Started GET "/assets/turbolinks.self-2db6ec539b9190f75e1d477b305df53d12904d5cafdd47c7ffd91ba25cbec128.js?body=1" for ::1 at 2018-03-01 16:48:48 +0530


Started GET "/assets/projects.self-877aef30ae1b040ab8a3aba4e3e309a11d7f2612f44dde450b5c157aa5f95c05.js?body=1" for ::1 at 2018-03-01 16:48:48 +0530


Started GET "/assets/application.self-3a3c8b61bda630ee689740ce7cbd0dd8ea6fdd45e2c42eef4661ab38cf268afe.js?body=1" for ::1 at 2018-03-01 16:48:49 +0530


Started POST "/projects" for ::1 at 2018-03-01 16:49:09 +0530
Processing by ProjectsController#create as HTML
  Parameters: {"utf8"=>"✓", "authenticity_token"=>"xfhVKunZuIdSVCrm0HhvzwZqVNadROov2CP279h9XIE2wE4hHieu4VEnOJVSDUZBH7nTWCeTMsiKwsGUwMmaGA==", "project"=>{"name"=>"Praneeth", "description"=>"praneeth"}, "commit"=>"Create Project"}
Completed 500 Internal Server Error in 14ms

NameError (undefined local variable or method `project_params' for #<ProjectsController:0x00000009198ee0>):
  app/controllers/projects_controller.rb:8:in `create'


  Rendered C:/Ruby22-x64/lib/ruby/gems/2.2.0/gems/actionpack-4.2.0/lib/action_dispatch/middleware/templates/rescues/_source.erb (4.0ms)
  Rendered C:/Ruby22-x64/lib/ruby/gems/2.2.0/gems/actionpack-4.2.0/lib/action_dispatch/middleware/templates/rescues/_trace.html.erb (9.0ms)
  Rendered C:/Ruby22-x64/lib/ruby/gems/2.2.0/gems/actionpack-4.2.0/lib/action_dispatch/middleware/templates/rescues/_request_and_response.html.erb (2.1ms)
  Rendered C:/Ruby22-x64/lib/ruby/gems/2.2.0/gems/actionpack-4.2.0/lib/action_dispatch/middleware/templates/rescues/diagnostics.html.erb within rescues/layout (3404.2ms)
  Rendered C:/Ruby22-x64/lib/ruby/gems/2.2.0/gems/web-console-2.3.0/lib/web_console/templates/_markup.html.erb (1.0ms)
  Rendered C:/Ruby22-x64/lib/ruby/gems/2.2.0/gems/web-console-2.3.0/lib/web_console/templates/_inner_console_markup.html.erb within layouts/inlined_string (0.0ms)
  Rendered C:/Ruby22-x64/lib/ruby/gems/2.2.0/gems/web-console-2.3.0/lib/web_console/templates/_prompt_box_markup.html.erb within layouts/inlined_string (1.0ms)
  Rendered C:/Ruby22-x64/lib/ruby/gems/2.2.0/gems/web-console-2.3.0/lib/web_console/templates/style.css.erb within layouts/inlined_string (0.0ms)
  Rendered C:/Ruby22-x64/lib/ruby/gems/2.2.0/gems/web-console-2.3.0/lib/web_console/templates/console.js.erb within layouts/javascript (3155.0ms)
  Rendered C:/Ruby22-x64/lib/ruby/gems/2.2.0/gems/web-console-2.3.0/lib/web_console/templates/main.js.erb within layouts/javascript (0.0ms)
  Rendered C:/Ruby22-x64/lib/ruby/gems/2.2.0/gems/web-console-2.3.0/lib/web_console/templates/error_page.js.erb within layouts/javascript (0.0ms)
  Rendered C:/Ruby22-x64/lib/ruby/gems/2.2.0/gems/web-console-2.3.0/lib/web_console/templates/index.html.erb (7142.5ms)
  [1m[36m (0.0ms)[0m  [1mbegin transaction[0m
  [1m[35m (0.0ms)[0m  rollback transaction
  [1m[36m (0.0ms)[0m  [1mbegin transaction[0m
  [1m[35m (0.0ms)[0m  rollback transaction
  [1m[36m (0.0ms)[0m  [1mbegin transaction[0m
  [1m[35m (0.0ms)[0m  rollback transaction
  [1m[36m (0.0ms)[0m  [1mbegin transaction[0m
  [1m[35mSQL (31.5ms)[0m  INSERT INTO "projects" ("name", "created_at", "updated_at") VALUES (?, ?, ?)  [["name", "Sublime Text 3"], ["created_at", "2018-03-16 07:15:12.532184"], ["updated_at", "2018-03-16 07:15:12.532184"]]
  [1m[36m (15.3ms)[0m  [1mcommit transaction[0m
  [1m[35mSQL (15.6ms)[0m  DELETE FROM "projects"
  [1m[36m (0.0ms)[0m  [1mbegin transaction[0m
  [1m[35m (0.0ms)[0m  rollback transaction


Started GET "/" for 127.0.0.1 at 2018-03-20 17:57:01 +0530
Processing by ProjectsController#index as HTML
  Rendered projects/index.html.erb within layouts/application (3.0ms)
Completed 200 OK in 520ms (Views: 513.1ms | ActiveRecord: 0.0ms)


Started GET "/assets/projects.self-e3b0c44298fc1c149afbf4c8996fb92427ae41e4649b934ca495991b7852b855.css?body=1" for 127.0.0.1 at 2018-03-20 17:57:23 +0530


Started GET "/assets/application.self-e80e8f2318043e8af94dddc2adad5a4f09739a8ebb323b3ab31cd71d45fd9113.css?body=1" for 127.0.0.1 at 2018-03-20 17:57:23 +0530


Started GET "/assets/projects.self-877aef30ae1b040ab8a3aba4e3e309a11d7f2612f44dde450b5c157aa5f95c05.js?body=1" for 127.0.0.1 at 2018-03-20 17:57:23 +0530


Started GET "/assets/application.self-3a3c8b61bda630ee689740ce7cbd0dd8ea6fdd45e2c42eef4661ab38cf268afe.js?body=1" for 127.0.0.1 at 2018-03-20 17:57:23 +0530


Started GET "/projects/new" for 127.0.0.1 at 2018-03-20 17:58:33 +0530
Processing by ProjectsController#new as HTML
  Rendered projects/new.html.erb within layouts/application (78.9ms)
Completed 200 OK in 330ms (Views: 246.6ms | ActiveRecord: 2.0ms)


Started POST "/projects" for 127.0.0.1 at 2018-03-20 17:58:42 +0530
Processing by ProjectsController#create as HTML
  Parameters: {"utf8"=>"✓", "authenticity_token"=>"OY2ZidVYWNgVbyKZI1ALYoblR70I6eh9ouCoixpFticSQ+b22B6fRlL6uaMKnJAw8RBH0GL63eQsm1/bn8wurA==", "project"=>{"name"=>"Praneeth", "description"=>"praneeth"}, "commit"=>"Create Project"}
  [1m[36m (0.0ms)[0m  [1mbegin transaction[0m
  [1m[35mSQL (3.8ms)[0m  INSERT INTO "projects" ("name", "description", "created_at", "updated_at") VALUES (?, ?, ?, ?)  [["name", "Praneeth"], ["description", "praneeth"], ["created_at", "2018-03-20 12:28:42.135992"], ["updated_at", "2018-03-20 12:28:42.135992"]]
  [1m[36m (10.9ms)[0m  [1mcommit transaction[0m
Redirected to http://localhost:3000/projects/2
Completed 302 Found in 40ms (ActiveRecord: 14.7ms)


Started GET "/projects/2" for 127.0.0.1 at 2018-03-20 17:58:42 +0530
Processing by ProjectsController#show as HTML
  Parameters: {"id"=>"2"}
  [1m[35mProject Load (0.0ms)[0m  SELECT  "projects".* FROM "projects" WHERE "projects"."id" = ? LIMIT 1  [["id", 2]]
  Rendered projects/show.html.erb within layouts/application (0.5ms)
Completed 200 OK in 244ms (Views: 198.0ms | ActiveRecord: 0.0ms)


Started GET "/" for ::1 at 2018-03-20 17:58:47 +0530
Processing by ProjectsController#index as HTML
  Rendered projects/index.html.erb within layouts/application (0.0ms)
Completed 200 OK in 155ms (Views: 155.0ms | ActiveRecord: 0.0ms)


Started GET "/assets/projects.self-e3b0c44298fc1c149afbf4c8996fb92427ae41e4649b934ca495991b7852b855.css?body=1" for ::1 at 2018-03-20 17:58:48 +0530


Started GET "/assets/application.self-e80e8f2318043e8af94dddc2adad5a4f09739a8ebb323b3ab31cd71d45fd9113.css?body=1" for ::1 at 2018-03-20 17:58:48 +0530


Started GET "/assets/jquery.self-bd7ddd393353a8d2480a622e80342adf488fb6006d667e8b42e4c0073393abee.js?body=1" for ::1 at 2018-03-20 17:58:48 +0530


Started GET "/assets/jquery_ujs.self-784a997f6726036b1993eb2217c9cb558e1cbb801c6da88105588c56f13b466a.js?body=1" for ::1 at 2018-03-20 17:58:48 +0530


Started GET "/assets/turbolinks.self-2db6ec539b9190f75e1d477b305df53d12904d5cafdd47c7ffd91ba25cbec128.js?body=1" for ::1 at 2018-03-20 17:58:48 +0530


Started GET "/assets/application.self-3a3c8b61bda630ee689740ce7cbd0dd8ea6fdd45e2c42eef4661ab38cf268afe.js?body=1" for ::1 at 2018-03-20 17:58:48 +0530


Started GET "/assets/projects.self-877aef30ae1b040ab8a3aba4e3e309a11d7f2612f44dde450b5c157aa5f95c05.js?body=1" for ::1 at 2018-03-20 17:58:48 +0530


Started GET "/" for ::1 at 2018-03-21 16:06:48 +0530
Processing by ProjectsController#index as HTML
  [1m[36mProject Load (48.6ms)[0m  [1mSELECT "projects".* FROM "projects"[0m
  Rendered projects/index.html.erb within layouts/application (241.0ms)
Completed 200 OK in 5705ms (Views: 5031.4ms | ActiveRecord: 53.0ms)


Started GET "/assets/projects.self-e3b0c44298fc1c149afbf4c8996fb92427ae41e4649b934ca495991b7852b855.css?body=1" for ::1 at 2018-03-21 16:10:49 +0530


Started GET "/assets/projects.self-877aef30ae1b040ab8a3aba4e3e309a11d7f2612f44dde450b5c157aa5f95c05.js?body=1" for ::1 at 2018-03-21 16:10:50 +0530


Started GET "/assets/application.self-3a3c8b61bda630ee689740ce7cbd0dd8ea6fdd45e2c42eef4661ab38cf268afe.js?body=1" for ::1 at 2018-03-21 16:10:50 +0530


Started GET "/assets/application.self-e80e8f2318043e8af94dddc2adad5a4f09739a8ebb323b3ab31cd71d45fd9113.css?body=1" for ::1 at 2018-03-21 16:10:50 +0530


Started GET "/projects/2" for ::1 at 2018-03-21 16:12:22 +0530
Processing by ProjectsController#show as HTML
  Parameters: {"id"=>"2"}
  [1m[35mProject Load (2.7ms)[0m  SELECT  "projects".* FROM "projects" WHERE "projects"."id" = ? LIMIT 1  [["id", 2]]
  Rendered projects/show.html.erb within layouts/application (23.8ms)
Completed 200 OK in 4444ms (Views: 3970.8ms | ActiveRecord: 2.7ms)


Started DELETE "/projects/2" for ::1 at 2018-03-21 16:12:37 +0530
Processing by ProjectsController#destroy as HTML
  Parameters: {"authenticity_token"=>"4w8P3k+ZLzrVwAM7LpDtLj4DbPYUGNC8Wg4e0pKPJX/IwXChQt/opJJVmAEHXHZ8SfZsm34L5SXUdemCFwa99A==", "id"=>"2"}
  [1m[36mProject Load (2.0ms)[0m  [1mSELECT  "projects".* FROM "projects" WHERE "projects"."id" = ? LIMIT 1[0m  [["id", 2]]
  [1m[35m (3.4ms)[0m  begin transaction
  [1m[36mSQL (56.6ms)[0m  [1mDELETE FROM "projects" WHERE "projects"."id" = ?[0m  [["id", 2]]
  [1m[35m (56.1ms)[0m  commit transaction
Redirected to http://localhost:3000/projects
Completed 302 Found in 276ms (ActiveRecord: 118.2ms)


Started GET "/projects" for ::1 at 2018-03-21 16:12:38 +0530
Processing by ProjectsController#index as HTML
  [1m[36mProject Load (13.0ms)[0m  [1mSELECT "projects".* FROM "projects"[0m
  Rendered projects/index.html.erb within layouts/application (20.7ms)
Completed 200 OK in 1063ms (Views: 1038.2ms | ActiveRecord: 13.0ms)


Started GET "/projects/new" for ::1 at 2018-03-21 16:12:44 +0530
Processing by ProjectsController#new as HTML
  Rendered projects/_form.html.erb (1225.7ms)
  Rendered projects/new.html.erb within layouts/application (1876.9ms)
Completed 200 OK in 3527ms (Views: 3525.3ms | ActiveRecord: 0.0ms)


Started POST "/projects" for ::1 at 2018-03-21 16:13:03 +0530
Processing by ProjectsController#create as HTML
  Parameters: {"utf8"=>"✓", "authenticity_token"=>"KyBEdf3oE/kF15E8OFzF13fUaiirA5YiL1lZwrgzClcA7jsK8K7UZ0JCCgYRkF6FACFqRcEQo7uhIq6SPbqS3A==", "project"=>{"name"=>"Praneeth1", "description"=>"Praneeth1"}, "commit"=>"Create Project"}
  [1m[35m (0.0ms)[0m  begin transaction
  [1m[36mSQL (57.3ms)[0m  [1mINSERT INTO "projects" ("name", "description", "created_at", "updated_at") VALUES (?, ?, ?, ?)[0m  [["name", "Praneeth1"], ["description", "Praneeth1"], ["created_at", "2018-03-21 10:43:03.737293"], ["updated_at", "2018-03-21 10:43:03.737293"]]
  [1m[35m (60.3ms)[0m  commit transaction
Redirected to http://localhost:3000/projects/3
Completed 302 Found in 173ms (ActiveRecord: 117.6ms)


Started GET "/projects/3" for ::1 at 2018-03-21 16:13:04 +0530
Processing by ProjectsController#show as HTML
  Parameters: {"id"=>"3"}
  [1m[36mProject Load (1.0ms)[0m  [1mSELECT  "projects".* FROM "projects" WHERE "projects"."id" = ? LIMIT 1[0m  [["id", 3]]
  Rendered projects/show.html.erb within layouts/application (8.9ms)
Completed 200 OK in 1838ms (Views: 1817.3ms | ActiveRecord: 1.0ms)


Started GET "/projects/3/edit" for ::1 at 2018-03-21 16:13:15 +0530
Processing by ProjectsController#edit as HTML
  Parameters: {"id"=>"3"}
  [1m[35mProject Load (3.6ms)[0m  SELECT  "projects".* FROM "projects" WHERE "projects"."id" = ? LIMIT 1  [["id", 3]]
  Rendered projects/_form.html.erb (13.0ms)
  Rendered projects/edit.html.erb within layouts/application (386.8ms)
Completed 200 OK in 2766ms (Views: 2740.1ms | ActiveRecord: 3.6ms)


Started PATCH "/projects/3" for ::1 at 2018-03-21 16:13:25 +0530
Processing by ProjectsController#update as HTML
  Parameters: {"utf8"=>"✓", "authenticity_token"=>"i9oWMExwi+nPwFN1lzv6Xr+Cs2H0uSEQVyECAYC+yo2gFGlPQTZMd4hVyE++92EMyHezDJ6qFInZWvVRBTdSBg==", "project"=>{"name"=>"Praneeth2", "description"=>"Praneeth2"}, "commit"=>"Update Project", "id"=>"3"}
  [1m[36mProject Load (0.0ms)[0m  [1mSELECT  "projects".* FROM "projects" WHERE "projects"."id" = ? LIMIT 1[0m  [["id", 3]]
  [1m[35m (0.7ms)[0m  begin transaction
  [1m[36mSQL (48.0ms)[0m  [1mUPDATE "projects" SET "name" = ?, "description" = ?, "updated_at" = ? WHERE "projects"."id" = ?[0m  [["name", "Praneeth2"], ["description", "Praneeth2"], ["updated_at", "2018-03-21 10:43:26.221324"], ["id", 3]]
  [1m[35m (24.4ms)[0m  commit transaction
Redirected to http://localhost:3000/projects/3
Completed 302 Found in 154ms (ActiveRecord: 73.1ms)


Started GET "/projects/3" for ::1 at 2018-03-21 16:13:26 +0530
Processing by ProjectsController#show as HTML
  Parameters: {"id"=>"3"}
  [1m[36mProject Load (11.6ms)[0m  [1mSELECT  "projects".* FROM "projects" WHERE "projects"."id" = ? LIMIT 1[0m  [["id", 3]]
  Rendered projects/show.html.erb within layouts/application (2.1ms)
Completed 200 OK in 1079ms (Views: 1044.0ms | ActiveRecord: 11.6ms)


Started DELETE "/projects/3" for ::1 at 2018-03-21 16:13:32 +0530
Processing by ProjectsController#destroy as HTML
  Parameters: {"authenticity_token"=>"ap2bvRNeKd05w4R9wn7fVmBz6Bb3D5O23IqJvKvLBFpBU+TCHhjuQ35WH0frskQEF4boe50cpi9S8X7sLkKc0Q==", "id"=>"3"}
  [1m[35mProject Load (2.2ms)[0m  SELECT  "projects".* FROM "projects" WHERE "projects"."id" = ? LIMIT 1  [["id", 3]]
  [1m[36m (0.0ms)[0m  [1mbegin transaction[0m
  [1m[35mSQL (30.6ms)[0m  DELETE FROM "projects" WHERE "projects"."id" = ?  [["id", 3]]
  [1m[36m (34.4ms)[0m  [1mcommit transaction[0m
Redirected to http://localhost:3000/projects
Completed 302 Found in 110ms (ActiveRecord: 67.2ms)


Started GET "/projects" for ::1 at 2018-03-21 16:13:32 +0530
Processing by ProjectsController#index as HTML
  [1m[35mProject Load (2.0ms)[0m  SELECT "projects".* FROM "projects"
  Rendered projects/index.html.erb within layouts/application (19.0ms)
Completed 200 OK in 1744ms (Views: 1737.0ms | ActiveRecord: 2.0ms)


Started GET "/" for ::1 at 2018-03-21 16:13:47 +0530
Processing by ProjectsController#index as HTML
  [1m[36mProject Load (0.0ms)[0m  [1mSELECT "projects".* FROM "projects"[0m
  Rendered projects/index.html.erb within layouts/application (10.0ms)
Completed 200 OK in 1397ms (Views: 1387.1ms | ActiveRecord: 0.0ms)


Started GET "/" for ::1 at 2018-03-21 17:36:58 +0530
Processing by ProjectsController#index as HTML
  [1m[36mProject Load (0.0ms)[0m  [1mSELECT "projects".* FROM "projects"[0m
  Rendered projects/index.html.erb within layouts/application (15.7ms)
Completed 200 OK in 488ms (Views: 444.6ms | ActiveRecord: 0.0ms)


Started GET "/assets/projects.self-e3b0c44298fc1c149afbf4c8996fb92427ae41e4649b934ca495991b7852b855.css?body=1" for ::1 at 2018-03-21 17:37:13 +0530


Started GET "/assets/application.self-e80e8f2318043e8af94dddc2adad5a4f09739a8ebb323b3ab31cd71d45fd9113.css?body=1" for ::1 at 2018-03-21 17:37:13 +0530


Started GET "/assets/projects.self-877aef30ae1b040ab8a3aba4e3e309a11d7f2612f44dde450b5c157aa5f95c05.js?body=1" for ::1 at 2018-03-21 17:37:13 +0530


Started GET "/assets/application.self-3a3c8b61bda630ee689740ce7cbd0dd8ea6fdd45e2c42eef4661ab38cf268afe.js?body=1" for ::1 at 2018-03-21 17:37:13 +0530


Started GET "/projects/new" for ::1 at 2018-03-21 18:20:54 +0530
Processing by ProjectsController#new as HTML
  Rendered projects/_form.html.erb (62.5ms)
  Rendered projects/new.html.erb within layouts/application (109.4ms)
Completed 200 OK in 14231ms (Views: 14131.8ms | ActiveRecord: 0.0ms)


Started GET "/assets/application.self-c569d105301a3552e6f22aeb1a7d15aa54e11986dc2f93ea2364569e43737947.css?body=1" for ::1 at 2018-03-21 18:21:28 +0530


Started POST "/projects" for ::1 at 2018-03-21 18:21:46 +0530
Processing by ProjectsController#create as HTML
  Parameters: {"utf8"=>"✓", "authenticity_token"=>"Bm/Cu2DuMFCdgKH76ZavxYED8AZGSKaso9YwxtCe/64tob3Ebaj3ztoVOsHAWjSX9vbwayxbkzUtrceWVRdnJQ==", "project"=>{"name"=>"Test Project", "description"=>"Praneeth's Ruby Project"}, "commit"=>"Create Project"}
  [1m[36m (0.0ms)[0m  [1mbegin transaction[0m
  [1m[35mSQL (0.0ms)[0m  INSERT INTO "projects" ("name", "description", "created_at", "updated_at") VALUES (?, ?, ?, ?)  [["name", "Test Project"], ["description", "Praneeth's Ruby Project"], ["created_at", "2018-03-21 12:51:46.518354"], ["updated_at", "2018-03-21 12:51:46.518354"]]
  [1m[36m (0.0ms)[0m  [1mcommit transaction[0m
Redirected to http://localhost:3000/projects/4
Completed 302 Found in 47ms (ActiveRecord: 0.0ms)


Started GET "/projects/4" for ::1 at 2018-03-21 18:21:46 +0530
Processing by ProjectsController#show as HTML
  Parameters: {"id"=>"4"}
  [1m[35mProject Load (0.0ms)[0m  SELECT  "projects".* FROM "projects" WHERE "projects"."id" = ? LIMIT 1  [["id", 4]]
  Rendered projects/show.html.erb within layouts/application (0.0ms)
Completed 200 OK in 291ms (Views: 238.5ms | ActiveRecord: 0.0ms)


Started GET "/" for ::1 at 2018-03-21 18:21:58 +0530
Processing by ProjectsController#index as HTML
  [1m[36mProject Load (0.0ms)[0m  [1mSELECT "projects".* FROM "projects"[0m
  Rendered projects/index.html.erb within layouts/application (15.6ms)
Completed 200 OK in 299ms (Views: 298.9ms | ActiveRecord: 0.0ms)


Started GET "/" for ::1 at 2018-03-21 18:52:59 +0530
Processing by ProjectsController#index as HTML
  [1m[36mProject Load (3.1ms)[0m  [1mSELECT "projects".* FROM "projects"[0m
  Rendered projects/index.html.erb within layouts/application (22.1ms)
Completed 200 OK in 10758ms (Views: 10683.7ms | ActiveRecord: 3.1ms)


Started GET "/assets/application.self-4ac1b9e1a6c8dd27ed2faeb038ad35deaa5dde48d1f111e005cd2bfb8a8d11af.css?body=1" for ::1 at 2018-03-21 18:53:34 +0530


Started GET "/assets/fontawesome-webfont-2adefcbc041e7d18fcf2d417879dc5a09997aa64d675b7a3c4b6ce33da13f3fe.woff2" for ::1 at 2018-03-21 18:53:34 +0530


Started GET "/projects/4" for ::1 at 2018-03-21 18:53:47 +0530
Processing by ProjectsController#show as HTML
  Parameters: {"id"=>"4"}
  [1m[35mProject Load (0.0ms)[0m  SELECT  "projects".* FROM "projects" WHERE "projects"."id" = ? LIMIT 1  [["id", 4]]
  Rendered projects/show.html.erb within layouts/application (2.0ms)
Completed 500 Internal Server Error in 200ms

SyntaxError (C:/ruby/ticketee/app/views/projects/show.html.erb:10: syntax error, unexpected tSTRING_BEG, expecting ')'
...nd=( link_to fa_icon("trash") "Delete Project",
...                               ^
C:/ruby/ticketee/app/views/projects/show.html.erb:10: syntax error, unexpected ',', expecting ')'
...icon("trash") "Delete Project",
...                               ^
C:/ruby/ticketee/app/views/projects/show.html.erb:11: syntax error, unexpected ',', expecting ')'
        project_path(@project),
                               ^
C:/ruby/ticketee/app/views/projects/show.html.erb:13: syntax error, unexpected ',', expecting ')'
...ant to delete this project?" },
...                               ^):
  app/views/projects/show.html.erb:10: syntax error, unexpected tSTRING_BEG, expecting ')'
  app/views/projects/show.html.erb:10: syntax error, unexpected ',', expecting ')'
  app/views/projects/show.html.erb:11: syntax error, unexpected ',', expecting ')'
  app/views/projects/show.html.erb:13: syntax error, unexpected ',', expecting ')'


  Rendered C:/Ruby22-x64/lib/ruby/gems/2.2.0/gems/actionpack-4.2.0/lib/action_dispatch/middleware/templates/rescues/_source.erb (1.0ms)
  Rendered C:/Ruby22-x64/lib/ruby/gems/2.2.0/gems/actionpack-4.2.0/lib/action_dispatch/middleware/templates/rescues/_trace.html.erb (7.5ms)
  Rendered C:/Ruby22-x64/lib/ruby/gems/2.2.0/gems/actionpack-4.2.0/lib/action_dispatch/middleware/templates/rescues/_request_and_response.html.erb (2.0ms)
  Rendered C:/Ruby22-x64/lib/ruby/gems/2.2.0/gems/actionpack-4.2.0/lib/action_dispatch/middleware/templates/rescues/diagnostics.html.erb within rescues/layout (4172.3ms)
  Rendered C:/Ruby22-x64/lib/ruby/gems/2.2.0/gems/web-console-2.3.0/lib/web_console/templates/_markup.html.erb (1.0ms)
  Rendered C:/Ruby22-x64/lib/ruby/gems/2.2.0/gems/web-console-2.3.0/lib/web_console/templates/_inner_console_markup.html.erb within layouts/inlined_string (0.0ms)
  Rendered C:/Ruby22-x64/lib/ruby/gems/2.2.0/gems/web-console-2.3.0/lib/web_console/templates/_prompt_box_markup.html.erb within layouts/inlined_string (1.0ms)
  Rendered C:/Ruby22-x64/lib/ruby/gems/2.2.0/gems/web-console-2.3.0/lib/web_console/templates/style.css.erb within layouts/inlined_string (1.0ms)
  Rendered C:/Ruby22-x64/lib/ruby/gems/2.2.0/gems/web-console-2.3.0/lib/web_console/templates/console.js.erb within layouts/javascript (3895.9ms)
  Rendered C:/Ruby22-x64/lib/ruby/gems/2.2.0/gems/web-console-2.3.0/lib/web_console/templates/main.js.erb within layouts/javascript (0.0ms)
  Rendered C:/Ruby22-x64/lib/ruby/gems/2.2.0/gems/web-console-2.3.0/lib/web_console/templates/error_page.js.erb within layouts/javascript (0.0ms)
  Rendered C:/Ruby22-x64/lib/ruby/gems/2.2.0/gems/web-console-2.3.0/lib/web_console/templates/index.html.erb (8863.5ms)


Started GET "/projects/4" for ::1 at 2018-03-21 18:55:07 +0530
Processing by ProjectsController#show as HTML
  Parameters: {"id"=>"4"}
  [1m[36mProject Load (0.0ms)[0m  [1mSELECT  "projects".* FROM "projects" WHERE "projects"."id" = ? LIMIT 1[0m  [["id", 4]]
  Rendered projects/show.html.erb within layouts/application (1.0ms)
Completed 200 OK in 816ms (Views: 728.1ms | ActiveRecord: 0.0ms)


Started GET "/assets/application.self-4ac1b9e1a6c8dd27ed2faeb038ad35deaa5dde48d1f111e005cd2bfb8a8d11af.css?body=1" for ::1 at 2018-03-21 18:55:33 +0530


Started GET "/assets/jquery.self-bd7ddd393353a8d2480a622e80342adf488fb6006d667e8b42e4c0073393abee.js?body=1" for ::1 at 2018-03-21 18:55:33 +0530


Started GET "/assets/jquery_ujs.self-784a997f6726036b1993eb2217c9cb558e1cbb801c6da88105588c56f13b466a.js?body=1" for ::1 at 2018-03-21 18:55:33 +0530


Started GET "/assets/turbolinks.self-2db6ec539b9190f75e1d477b305df53d12904d5cafdd47c7ffd91ba25cbec128.js?body=1" for ::1 at 2018-03-21 18:55:33 +0530


Started GET "/assets/projects.self-877aef30ae1b040ab8a3aba4e3e309a11d7f2612f44dde450b5c157aa5f95c05.js?body=1" for ::1 at 2018-03-21 18:55:33 +0530


Started GET "/assets/application.self-3a3c8b61bda630ee689740ce7cbd0dd8ea6fdd45e2c42eef4661ab38cf268afe.js?body=1" for ::1 at 2018-03-21 18:55:33 +0530


Started GET "/assets/fontawesome-webfont-2adefcbc041e7d18fcf2d417879dc5a09997aa64d675b7a3c4b6ce33da13f3fe.woff2" for ::1 at 2018-03-21 18:55:33 +0530


Started GET "/" for ::1 at 2018-03-21 18:58:09 +0530
Processing by ProjectsController#index as HTML
  [1m[35mProject Load (0.0ms)[0m  SELECT "projects".* FROM "projects"
  Rendered projects/index.html.erb within layouts/application (14.5ms)
Completed 200 OK in 410ms (Views: 402.4ms | ActiveRecord: 0.0ms)


Started GET "/projects/4" for ::1 at 2018-03-21 18:58:20 +0530
Processing by ProjectsController#show as HTML
  Parameters: {"id"=>"4"}
  [1m[36mProject Load (0.0ms)[0m  [1mSELECT  "projects".* FROM "projects" WHERE "projects"."id" = ? LIMIT 1[0m  [["id", 4]]
  Rendered projects/show.html.erb within layouts/application (1.0ms)
Completed 200 OK in 312ms (Views: 303.0ms | ActiveRecord: 0.0ms)


Started GET "/projects/4" for ::1 at 2018-03-21 19:00:01 +0530
Processing by ProjectsController#show as HTML
  Parameters: {"id"=>"4"}
  [1m[35mProject Load (0.0ms)[0m  SELECT  "projects".* FROM "projects" WHERE "projects"."id" = ? LIMIT 1  [["id", 4]]
  Rendered projects/show.html.erb within layouts/application (1.0ms)
Completed 200 OK in 16220ms (Views: 16216.9ms | ActiveRecord: 0.0ms)


Started GET "/" for ::1 at 2018-03-21 19:00:18 +0530
Processing by ProjectsController#index as HTML
  [1m[36mProject Load (0.0ms)[0m  [1mSELECT "projects".* FROM "projects"[0m
  Rendered projects/index.html.erb within layouts/application (5.2ms)
Completed 200 OK in 318ms (Views: 310.7ms | ActiveRecord: 0.0ms)


Started GET "/" for ::1 at 2018-03-21 19:00:18 +0530
Processing by ProjectsController#index as HTML
  [1m[35mProject Load (0.0ms)[0m  SELECT "projects".* FROM "projects"
  Rendered projects/index.html.erb within layouts/application (0.0ms)
Completed 200 OK in 319ms (Views: 315.4ms | ActiveRecord: 0.0ms)


Started GET "/assets/application.self-c987a20d4b36120bea902a2ad1dd96def523fd270fcbbc7f27ee6d08701aef85.css?body=1" for ::1 at 2018-03-21 19:00:18 +0530


Started GET "/projects/4" for ::1 at 2018-03-21 19:00:24 +0530
Processing by ProjectsController#show as HTML
  Parameters: {"id"=>"4"}
  [1m[36mProject Load (0.0ms)[0m  [1mSELECT  "projects".* FROM "projects" WHERE "projects"."id" = ? LIMIT 1[0m  [["id", 4]]
  Rendered projects/show.html.erb within layouts/application (0.0ms)
Completed 200 OK in 276ms (Views: 275.0ms | ActiveRecord: 0.0ms)


Started GET "/projects/4/edit" for ::1 at 2018-03-21 19:00:26 +0530
Processing by ProjectsController#edit as HTML
  Parameters: {"id"=>"4"}
  [1m[35mProject Load (0.0ms)[0m  SELECT  "projects".* FROM "projects" WHERE "projects"."id" = ? LIMIT 1  [["id", 4]]
  Rendered projects/_form.html.erb (75.1ms)
  Rendered projects/edit.html.erb within layouts/application (145.7ms)
Completed 200 OK in 400ms (Views: 394.8ms | ActiveRecord: 0.0ms)


Started PATCH "/projects/4" for ::1 at 2018-03-21 19:00:30 +0530
Processing by ProjectsController#update as HTML
  Parameters: {"utf8"=>"✓", "authenticity_token"=>"JN6/R9w5TXokPqbIgTcM2w+0VZKQIYBMtFumapKsE98PEMA40X+K5GOrPfKo+5eJeEFV//oytdU6IFE6FyWLVA==", "project"=>{"name"=>"Test Project", "description"=>"Praneeth's Ruby Project"}, "commit"=>"Update Project", "id"=>"4"}
  [1m[36mProject Load (1.0ms)[0m  [1mSELECT  "projects".* FROM "projects" WHERE "projects"."id" = ? LIMIT 1[0m  [["id", 4]]
  [1m[35mCACHE (0.0ms)[0m  SELECT  "projects".* FROM "projects" WHERE "projects"."id" = ? LIMIT 1  [["id", "4"]]
  [1m[36m (0.0ms)[0m  [1mbegin transaction[0m
  [1m[35m (0.0ms)[0m  commit transaction
Redirected to http://localhost:3000/projects/4
Completed 302 Found in 25ms (ActiveRecord: 1.0ms)


Started GET "/projects/4" for ::1 at 2018-03-21 19:00:31 +0530
Processing by ProjectsController#show as HTML
  Parameters: {"id"=>"4"}
  [1m[36mProject Load (0.0ms)[0m  [1mSELECT  "projects".* FROM "projects" WHERE "projects"."id" = ? LIMIT 1[0m  [["id", 4]]
  Rendered projects/show.html.erb within layouts/application (0.0ms)
Completed 200 OK in 290ms (Views: 287.0ms | ActiveRecord: 0.0ms)


Started GET "/" for ::1 at 2018-03-21 19:00:36 +0530
Processing by ProjectsController#index as HTML
  [1m[35mProject Load (0.0ms)[0m  SELECT "projects".* FROM "projects"
  Rendered projects/index.html.erb within layouts/application (6.1ms)
Completed 200 OK in 268ms (Views: 273.1ms | ActiveRecord: 0.0ms)


Started GET "/" for ::1 at 2018-03-21 19:02:12 +0530
Processing by ProjectsController#index as HTML
  [1m[36mProject Load (1.0ms)[0m  [1mSELECT "projects".* FROM "projects"[0m
  Rendered projects/index.html.erb within layouts/application (6.6ms)
Completed 200 OK in 292ms (Views: 290.5ms | ActiveRecord: 1.0ms)


Started GET "/assets/application.self-c987a20d4b36120bea902a2ad1dd96def523fd270fcbbc7f27ee6d08701aef85.css?body=1" for ::1 at 2018-03-21 19:02:12 +0530


Started GET "/assets/jquery.self-bd7ddd393353a8d2480a622e80342adf488fb6006d667e8b42e4c0073393abee.js?body=1" for ::1 at 2018-03-21 19:02:12 +0530


Started GET "/assets/jquery_ujs.self-784a997f6726036b1993eb2217c9cb558e1cbb801c6da88105588c56f13b466a.js?body=1" for ::1 at 2018-03-21 19:02:12 +0530


Started GET "/assets/turbolinks.self-2db6ec539b9190f75e1d477b305df53d12904d5cafdd47c7ffd91ba25cbec128.js?body=1" for ::1 at 2018-03-21 19:02:12 +0530


Started GET "/assets/application.self-3a3c8b61bda630ee689740ce7cbd0dd8ea6fdd45e2c42eef4661ab38cf268afe.js?body=1" for ::1 at 2018-03-21 19:02:12 +0530


Started GET "/assets/projects.self-877aef30ae1b040ab8a3aba4e3e309a11d7f2612f44dde450b5c157aa5f95c05.js?body=1" for ::1 at 2018-03-21 19:02:13 +0530


Started GET "/projects/4" for ::1 at 2018-03-21 19:02:34 +0530
Processing by ProjectsController#show as HTML
  Parameters: {"id"=>"4"}
  [1m[35mProject Load (0.0ms)[0m  SELECT  "projects".* FROM "projects" WHERE "projects"."id" = ? LIMIT 1  [["id", 4]]
  Rendered projects/show.html.erb within layouts/application (0.0ms)
Completed 200 OK in 210ms (Views: 208.1ms | ActiveRecord: 0.0ms)


Started GET "/" for ::1 at 2018-03-21 19:02:40 +0530
Processing by ProjectsController#index as HTML
  [1m[36mProject Load (0.0ms)[0m  [1mSELECT "projects".* FROM "projects"[0m
  Rendered projects/index.html.erb within layouts/application (4.3ms)
Completed 200 OK in 265ms (Views: 263.0ms | ActiveRecord: 0.0ms)
